ARM GAS  C:\Users\ar4ik\AppData\Local\Temp\cc99j1PN.s 			page 1


   1              		.syntax unified
   2              		.cpu cortex-m0
   3              		.fpu softvfp
   4              		.eabi_attribute 20, 1
   5              		.eabi_attribute 21, 1
   6              		.eabi_attribute 23, 3
   7              		.eabi_attribute 24, 1
   8              		.eabi_attribute 25, 1
   9              		.eabi_attribute 26, 1
  10              		.eabi_attribute 30, 1
  11              		.eabi_attribute 34, 0
  12              		.eabi_attribute 18, 4
  13              		.thumb
  14              		.syntax unified
  15              		.file	"main.c"
  16              		.text
  17              	.Ltext0:
  18              		.cfi_sections	.debug_frame
  19              		.section	.text.main,"ax",%progbits
  20              		.align	2
  21              		.global	main
  22              		.code	16
  23              		.thumb_func
  24              		.type	main, %function
  25              	main:
  26              	.LFB32:
  27              		.file 1 "main.c"
   1:main.c        **** /* ========================================
   2:main.c        ****  *
   3:main.c        ****  * Copyright YOUR COMPANY, THE YEAR
   4:main.c        ****  * All Rights Reserved
   5:main.c        ****  * UNPUBLISHED, LICENSED SOFTWARE.
   6:main.c        ****  *
   7:main.c        ****  * CONFIDENTIAL AND PROPRIETARY INFORMATION
   8:main.c        ****  * WHICH IS THE PROPERTY OF your company.
   9:main.c        ****  *
  10:main.c        ****  * ========================================
  11:main.c        **** */
  12:main.c        **** #include "project.h"
  13:main.c        **** int main(void)
  14:main.c        **** {
  28              		.loc 1 14 0
  29              		.cfi_startproc
  30              		@ Volatile: function does not return.
  31              		@ args = 0, pretend = 0, frame = 0
  32              		@ frame_needed = 0, uses_anonymous_args = 0
  33 0000 10B5     		push	{r4, lr}
  34              		.cfi_def_cfa_offset 8
  35              		.cfi_offset 4, -8
  36              		.cfi_offset 14, -4
  15:main.c        **** CyGlobalIntEnable; /* Enable global interrupts. */
  37              		.loc 1 15 0
  38              		.syntax divided
  39              	@ 15 "main.c" 1
  40 0002 62B6     		CPSIE   i
  41              	@ 0 "" 2
  42              		.thumb
ARM GAS  C:\Users\ar4ik\AppData\Local\Temp\cc99j1PN.s 			page 2


  43              		.syntax unified
  44              	.L2:
  45              	.LBB2:
  16:main.c        **** for(;;)
  17:main.c        **** {
  18:main.c        **** if(Button_Read() == 1)
  46              		.loc 1 18 0
  47 0004 FFF7FEFF 		bl	Button_Read
  48              	.LVL0:
  49 0008 0128     		cmp	r0, #1
  50 000a 03D1     		bne	.L3
  51              	.LBB3:
  19:main.c        **** {
  20:main.c        **** LED_Write(0);
  52              		.loc 1 20 0
  53 000c 0020     		movs	r0, #0
  54 000e FFF7FEFF 		bl	LED_Write
  55              	.LVL1:
  56              	.LBE3:
  57 0012 F7E7     		b	.L2
  58              	.L3:
  59              	.LBB4:
  21:main.c        **** }
  22:main.c        **** else
  23:main.c        **** {
  24:main.c        **** LED_Write(1);
  60              		.loc 1 24 0
  61 0014 0120     		movs	r0, #1
  62 0016 FFF7FEFF 		bl	LED_Write
  63              	.LVL2:
  64 001a F3E7     		b	.L2
  65              	.LBE4:
  66              	.LBE2:
  67              		.cfi_endproc
  68              	.LFE32:
  69              		.size	main, .-main
  70              		.text
  71              	.Letext0:
  72              		.section	.debug_info,"",%progbits
  73              	.Ldebug_info0:
  74 0000 3B010000 		.4byte	0x13b
  75 0004 0400     		.2byte	0x4
  76 0006 00000000 		.4byte	.Ldebug_abbrev0
  77 000a 04       		.byte	0x4
  78 000b 01       		.uleb128 0x1
  79 000c C4000000 		.4byte	.LASF16
  80 0010 0C       		.byte	0xc
  81 0011 1B000000 		.4byte	.LASF17
  82 0015 60000000 		.4byte	.LASF18
  83 0019 00000000 		.4byte	.Ldebug_ranges0+0
  84 001d 00000000 		.4byte	0
  85 0021 00000000 		.4byte	.Ldebug_line0
  86 0025 02       		.uleb128 0x2
  87 0026 01       		.byte	0x1
  88 0027 06       		.byte	0x6
  89 0028 65010000 		.4byte	.LASF0
  90 002c 02       		.uleb128 0x2
ARM GAS  C:\Users\ar4ik\AppData\Local\Temp\cc99j1PN.s 			page 3


  91 002d 01       		.byte	0x1
  92 002e 08       		.byte	0x8
  93 002f A1000000 		.4byte	.LASF1
  94 0033 02       		.uleb128 0x2
  95 0034 02       		.byte	0x2
  96 0035 05       		.byte	0x5
  97 0036 7D010000 		.4byte	.LASF2
  98 003a 02       		.uleb128 0x2
  99 003b 02       		.byte	0x2
 100 003c 07       		.byte	0x7
 101 003d 52010000 		.4byte	.LASF3
 102 0041 02       		.uleb128 0x2
 103 0042 04       		.byte	0x4
 104 0043 05       		.byte	0x5
 105 0044 B4000000 		.4byte	.LASF4
 106 0048 02       		.uleb128 0x2
 107 0049 04       		.byte	0x4
 108 004a 07       		.byte	0x7
 109 004b 31000000 		.4byte	.LASF5
 110 004f 02       		.uleb128 0x2
 111 0050 08       		.byte	0x8
 112 0051 05       		.byte	0x5
 113 0052 00000000 		.4byte	.LASF6
 114 0056 02       		.uleb128 0x2
 115 0057 08       		.byte	0x8
 116 0058 07       		.byte	0x7
 117 0059 43000000 		.4byte	.LASF7
 118 005d 03       		.uleb128 0x3
 119 005e 04       		.byte	0x4
 120 005f 05       		.byte	0x5
 121 0060 696E7400 		.ascii	"int\000"
 122 0064 02       		.uleb128 0x2
 123 0065 04       		.byte	0x4
 124 0066 07       		.byte	0x7
 125 0067 0E000000 		.4byte	.LASF8
 126 006b 02       		.uleb128 0x2
 127 006c 04       		.byte	0x4
 128 006d 04       		.byte	0x4
 129 006e 5A000000 		.4byte	.LASF9
 130 0072 02       		.uleb128 0x2
 131 0073 08       		.byte	0x8
 132 0074 04       		.byte	0x4
 133 0075 BD000000 		.4byte	.LASF10
 134 0079 02       		.uleb128 0x2
 135 007a 01       		.byte	0x1
 136 007b 08       		.byte	0x8
 137 007c AF000000 		.4byte	.LASF11
 138 0080 02       		.uleb128 0x2
 139 0081 08       		.byte	0x8
 140 0082 04       		.byte	0x4
 141 0083 71010000 		.4byte	.LASF12
 142 0087 02       		.uleb128 0x2
 143 0088 04       		.byte	0x4
 144 0089 07       		.byte	0x7
 145 008a 93010000 		.4byte	.LASF13
 146 008e 04       		.uleb128 0x4
 147 008f 22000000 		.4byte	.LASF19
ARM GAS  C:\Users\ar4ik\AppData\Local\Temp\cc99j1PN.s 			page 4


 148 0093 01       		.byte	0x1
 149 0094 0D       		.byte	0xd
 150 0095 5D000000 		.4byte	0x5d
 151 0099 00000000 		.4byte	.LFB32
 152 009d 1C000000 		.4byte	.LFE32-.LFB32
 153 00a1 01       		.uleb128 0x1
 154 00a2 9C       		.byte	0x9c
 155 00a3 28010000 		.4byte	0x128
 156 00a7 05       		.uleb128 0x5
 157 00a8 04000000 		.4byte	.LBB2
 158 00ac 18000000 		.4byte	.LBE2-.LBB2
 159 00b0 06       		.uleb128 0x6
 160 00b1 87010000 		.4byte	.LASF14
 161 00b5 01       		.byte	0x1
 162 00b6 12       		.byte	0x12
 163 00b7 5D000000 		.4byte	0x5d
 164 00bb C1000000 		.4byte	0xc1
 165 00bf 07       		.uleb128 0x7
 166 00c0 00       		.byte	0
 167 00c1 08       		.uleb128 0x8
 168 00c2 0C000000 		.4byte	.LBB3
 169 00c6 06000000 		.4byte	.LBE3-.LBB3
 170 00ca EF000000 		.4byte	0xef
 171 00ce 06       		.uleb128 0x6
 172 00cf 27000000 		.4byte	.LASF15
 173 00d3 01       		.byte	0x1
 174 00d4 14       		.byte	0x14
 175 00d5 5D000000 		.4byte	0x5d
 176 00d9 DF000000 		.4byte	0xdf
 177 00dd 07       		.uleb128 0x7
 178 00de 00       		.byte	0
 179 00df 09       		.uleb128 0x9
 180 00e0 12000000 		.4byte	.LVL1
 181 00e4 28010000 		.4byte	0x128
 182 00e8 0A       		.uleb128 0xa
 183 00e9 01       		.uleb128 0x1
 184 00ea 50       		.byte	0x50
 185 00eb 01       		.uleb128 0x1
 186 00ec 30       		.byte	0x30
 187 00ed 00       		.byte	0
 188 00ee 00       		.byte	0
 189 00ef 08       		.uleb128 0x8
 190 00f0 14000000 		.4byte	.LBB4
 191 00f4 08000000 		.4byte	.LBE4-.LBB4
 192 00f8 1D010000 		.4byte	0x11d
 193 00fc 06       		.uleb128 0x6
 194 00fd 27000000 		.4byte	.LASF15
 195 0101 01       		.byte	0x1
 196 0102 14       		.byte	0x14
 197 0103 5D000000 		.4byte	0x5d
 198 0107 0D010000 		.4byte	0x10d
 199 010b 07       		.uleb128 0x7
 200 010c 00       		.byte	0
 201 010d 09       		.uleb128 0x9
 202 010e 1A000000 		.4byte	.LVL2
 203 0112 28010000 		.4byte	0x128
 204 0116 0A       		.uleb128 0xa
ARM GAS  C:\Users\ar4ik\AppData\Local\Temp\cc99j1PN.s 			page 5


 205 0117 01       		.uleb128 0x1
 206 0118 50       		.byte	0x50
 207 0119 01       		.uleb128 0x1
 208 011a 31       		.byte	0x31
 209 011b 00       		.byte	0
 210 011c 00       		.byte	0
 211 011d 0B       		.uleb128 0xb
 212 011e 08000000 		.4byte	.LVL0
 213 0122 33010000 		.4byte	0x133
 214 0126 00       		.byte	0
 215 0127 00       		.byte	0
 216 0128 0C       		.uleb128 0xc
 217 0129 27000000 		.4byte	.LASF15
 218 012d 27000000 		.4byte	.LASF15
 219 0131 01       		.byte	0x1
 220 0132 14       		.byte	0x14
 221 0133 0C       		.uleb128 0xc
 222 0134 87010000 		.4byte	.LASF14
 223 0138 87010000 		.4byte	.LASF14
 224 013c 01       		.byte	0x1
 225 013d 12       		.byte	0x12
 226 013e 00       		.byte	0
 227              		.section	.debug_abbrev,"",%progbits
 228              	.Ldebug_abbrev0:
 229 0000 01       		.uleb128 0x1
 230 0001 11       		.uleb128 0x11
 231 0002 01       		.byte	0x1
 232 0003 25       		.uleb128 0x25
 233 0004 0E       		.uleb128 0xe
 234 0005 13       		.uleb128 0x13
 235 0006 0B       		.uleb128 0xb
 236 0007 03       		.uleb128 0x3
 237 0008 0E       		.uleb128 0xe
 238 0009 1B       		.uleb128 0x1b
 239 000a 0E       		.uleb128 0xe
 240 000b 55       		.uleb128 0x55
 241 000c 17       		.uleb128 0x17
 242 000d 11       		.uleb128 0x11
 243 000e 01       		.uleb128 0x1
 244 000f 10       		.uleb128 0x10
 245 0010 17       		.uleb128 0x17
 246 0011 00       		.byte	0
 247 0012 00       		.byte	0
 248 0013 02       		.uleb128 0x2
 249 0014 24       		.uleb128 0x24
 250 0015 00       		.byte	0
 251 0016 0B       		.uleb128 0xb
 252 0017 0B       		.uleb128 0xb
 253 0018 3E       		.uleb128 0x3e
 254 0019 0B       		.uleb128 0xb
 255 001a 03       		.uleb128 0x3
 256 001b 0E       		.uleb128 0xe
 257 001c 00       		.byte	0
 258 001d 00       		.byte	0
 259 001e 03       		.uleb128 0x3
 260 001f 24       		.uleb128 0x24
 261 0020 00       		.byte	0
ARM GAS  C:\Users\ar4ik\AppData\Local\Temp\cc99j1PN.s 			page 6


 262 0021 0B       		.uleb128 0xb
 263 0022 0B       		.uleb128 0xb
 264 0023 3E       		.uleb128 0x3e
 265 0024 0B       		.uleb128 0xb
 266 0025 03       		.uleb128 0x3
 267 0026 08       		.uleb128 0x8
 268 0027 00       		.byte	0
 269 0028 00       		.byte	0
 270 0029 04       		.uleb128 0x4
 271 002a 2E       		.uleb128 0x2e
 272 002b 01       		.byte	0x1
 273 002c 3F       		.uleb128 0x3f
 274 002d 19       		.uleb128 0x19
 275 002e 03       		.uleb128 0x3
 276 002f 0E       		.uleb128 0xe
 277 0030 3A       		.uleb128 0x3a
 278 0031 0B       		.uleb128 0xb
 279 0032 3B       		.uleb128 0x3b
 280 0033 0B       		.uleb128 0xb
 281 0034 27       		.uleb128 0x27
 282 0035 19       		.uleb128 0x19
 283 0036 49       		.uleb128 0x49
 284 0037 13       		.uleb128 0x13
 285 0038 8701     		.uleb128 0x87
 286 003a 19       		.uleb128 0x19
 287 003b 11       		.uleb128 0x11
 288 003c 01       		.uleb128 0x1
 289 003d 12       		.uleb128 0x12
 290 003e 06       		.uleb128 0x6
 291 003f 40       		.uleb128 0x40
 292 0040 18       		.uleb128 0x18
 293 0041 9742     		.uleb128 0x2117
 294 0043 19       		.uleb128 0x19
 295 0044 01       		.uleb128 0x1
 296 0045 13       		.uleb128 0x13
 297 0046 00       		.byte	0
 298 0047 00       		.byte	0
 299 0048 05       		.uleb128 0x5
 300 0049 0B       		.uleb128 0xb
 301 004a 01       		.byte	0x1
 302 004b 11       		.uleb128 0x11
 303 004c 01       		.uleb128 0x1
 304 004d 12       		.uleb128 0x12
 305 004e 06       		.uleb128 0x6
 306 004f 00       		.byte	0
 307 0050 00       		.byte	0
 308 0051 06       		.uleb128 0x6
 309 0052 2E       		.uleb128 0x2e
 310 0053 01       		.byte	0x1
 311 0054 3F       		.uleb128 0x3f
 312 0055 19       		.uleb128 0x19
 313 0056 03       		.uleb128 0x3
 314 0057 0E       		.uleb128 0xe
 315 0058 3A       		.uleb128 0x3a
 316 0059 0B       		.uleb128 0xb
 317 005a 3B       		.uleb128 0x3b
 318 005b 0B       		.uleb128 0xb
ARM GAS  C:\Users\ar4ik\AppData\Local\Temp\cc99j1PN.s 			page 7


 319 005c 49       		.uleb128 0x49
 320 005d 13       		.uleb128 0x13
 321 005e 3C       		.uleb128 0x3c
 322 005f 19       		.uleb128 0x19
 323 0060 01       		.uleb128 0x1
 324 0061 13       		.uleb128 0x13
 325 0062 00       		.byte	0
 326 0063 00       		.byte	0
 327 0064 07       		.uleb128 0x7
 328 0065 18       		.uleb128 0x18
 329 0066 00       		.byte	0
 330 0067 00       		.byte	0
 331 0068 00       		.byte	0
 332 0069 08       		.uleb128 0x8
 333 006a 0B       		.uleb128 0xb
 334 006b 01       		.byte	0x1
 335 006c 11       		.uleb128 0x11
 336 006d 01       		.uleb128 0x1
 337 006e 12       		.uleb128 0x12
 338 006f 06       		.uleb128 0x6
 339 0070 01       		.uleb128 0x1
 340 0071 13       		.uleb128 0x13
 341 0072 00       		.byte	0
 342 0073 00       		.byte	0
 343 0074 09       		.uleb128 0x9
 344 0075 898201   		.uleb128 0x4109
 345 0078 01       		.byte	0x1
 346 0079 11       		.uleb128 0x11
 347 007a 01       		.uleb128 0x1
 348 007b 31       		.uleb128 0x31
 349 007c 13       		.uleb128 0x13
 350 007d 00       		.byte	0
 351 007e 00       		.byte	0
 352 007f 0A       		.uleb128 0xa
 353 0080 8A8201   		.uleb128 0x410a
 354 0083 00       		.byte	0
 355 0084 02       		.uleb128 0x2
 356 0085 18       		.uleb128 0x18
 357 0086 9142     		.uleb128 0x2111
 358 0088 18       		.uleb128 0x18
 359 0089 00       		.byte	0
 360 008a 00       		.byte	0
 361 008b 0B       		.uleb128 0xb
 362 008c 898201   		.uleb128 0x4109
 363 008f 00       		.byte	0
 364 0090 11       		.uleb128 0x11
 365 0091 01       		.uleb128 0x1
 366 0092 31       		.uleb128 0x31
 367 0093 13       		.uleb128 0x13
 368 0094 00       		.byte	0
 369 0095 00       		.byte	0
 370 0096 0C       		.uleb128 0xc
 371 0097 2E       		.uleb128 0x2e
 372 0098 00       		.byte	0
 373 0099 3F       		.uleb128 0x3f
 374 009a 19       		.uleb128 0x19
 375 009b 3C       		.uleb128 0x3c
ARM GAS  C:\Users\ar4ik\AppData\Local\Temp\cc99j1PN.s 			page 8


 376 009c 19       		.uleb128 0x19
 377 009d 6E       		.uleb128 0x6e
 378 009e 0E       		.uleb128 0xe
 379 009f 03       		.uleb128 0x3
 380 00a0 0E       		.uleb128 0xe
 381 00a1 3A       		.uleb128 0x3a
 382 00a2 0B       		.uleb128 0xb
 383 00a3 3B       		.uleb128 0x3b
 384 00a4 0B       		.uleb128 0xb
 385 00a5 00       		.byte	0
 386 00a6 00       		.byte	0
 387 00a7 00       		.byte	0
 388              		.section	.debug_aranges,"",%progbits
 389 0000 1C000000 		.4byte	0x1c
 390 0004 0200     		.2byte	0x2
 391 0006 00000000 		.4byte	.Ldebug_info0
 392 000a 04       		.byte	0x4
 393 000b 00       		.byte	0
 394 000c 0000     		.2byte	0
 395 000e 0000     		.2byte	0
 396 0010 00000000 		.4byte	.LFB32
 397 0014 1C000000 		.4byte	.LFE32-.LFB32
 398 0018 00000000 		.4byte	0
 399 001c 00000000 		.4byte	0
 400              		.section	.debug_ranges,"",%progbits
 401              	.Ldebug_ranges0:
 402 0000 00000000 		.4byte	.LFB32
 403 0004 1C000000 		.4byte	.LFE32
 404 0008 00000000 		.4byte	0
 405 000c 00000000 		.4byte	0
 406              		.section	.debug_line,"",%progbits
 407              	.Ldebug_line0:
 408 0000 36000000 		.section	.debug_str,"MS",%progbits,1
 408      02001D00 
 408      00000201 
 408      FB0E0D00 
 408      01010101 
 409              	.LASF6:
 410 0000 6C6F6E67 		.ascii	"long long int\000"
 410      206C6F6E 
 410      6720696E 
 410      7400
 411              	.LASF8:
 412 000e 756E7369 		.ascii	"unsigned int\000"
 412      676E6564 
 412      20696E74 
 412      00
 413              	.LASF17:
 414 001b 6D61696E 		.ascii	"main.c\000"
 414      2E6300
 415              	.LASF19:
 416 0022 6D61696E 		.ascii	"main\000"
 416      00
 417              	.LASF15:
 418 0027 4C45445F 		.ascii	"LED_Write\000"
 418      57726974 
 418      6500
ARM GAS  C:\Users\ar4ik\AppData\Local\Temp\cc99j1PN.s 			page 9


 419              	.LASF5:
 420 0031 6C6F6E67 		.ascii	"long unsigned int\000"
 420      20756E73 
 420      69676E65 
 420      6420696E 
 420      7400
 421              	.LASF7:
 422 0043 6C6F6E67 		.ascii	"long long unsigned int\000"
 422      206C6F6E 
 422      6720756E 
 422      7369676E 
 422      65642069 
 423              	.LASF9:
 424 005a 666C6F61 		.ascii	"float\000"
 424      7400
 425              	.LASF18:
 426 0060 433A5C55 		.ascii	"C:\\Users\\ar4ik\\Documents\\PSoC Creator\\Workspac"
 426      73657273 
 426      5C617234 
 426      696B5C44 
 426      6F63756D 
 427 008e 6530315C 		.ascii	"e01\\Design01.cydsn\000"
 427      44657369 
 427      676E3031 
 427      2E637964 
 427      736E00
 428              	.LASF1:
 429 00a1 756E7369 		.ascii	"unsigned char\000"
 429      676E6564 
 429      20636861 
 429      7200
 430              	.LASF11:
 431 00af 63686172 		.ascii	"char\000"
 431      00
 432              	.LASF4:
 433 00b4 6C6F6E67 		.ascii	"long int\000"
 433      20696E74 
 433      00
 434              	.LASF10:
 435 00bd 646F7562 		.ascii	"double\000"
 435      6C6500
 436              	.LASF16:
 437 00c4 474E5520 		.ascii	"GNU C11 5.4.1 20160609 (release) [ARM/embedded-5-br"
 437      43313120 
 437      352E342E 
 437      31203230 
 437      31363036 
 438 00f7 616E6368 		.ascii	"anch revision 237715] -mcpu=cortex-m0 -mthumb -g -O"
 438      20726576 
 438      6973696F 
 438      6E203233 
 438      37373135 
 439 012a 67202D66 		.ascii	"g -ffunction-sections -ffat-lto-objects\000"
 439      66756E63 
 439      74696F6E 
 439      2D736563 
 439      74696F6E 
ARM GAS  C:\Users\ar4ik\AppData\Local\Temp\cc99j1PN.s 			page 10


 440              	.LASF3:
 441 0152 73686F72 		.ascii	"short unsigned int\000"
 441      7420756E 
 441      7369676E 
 441      65642069 
 441      6E7400
 442              	.LASF0:
 443 0165 7369676E 		.ascii	"signed char\000"
 443      65642063 
 443      68617200 
 444              	.LASF12:
 445 0171 6C6F6E67 		.ascii	"long double\000"
 445      20646F75 
 445      626C6500 
 446              	.LASF2:
 447 017d 73686F72 		.ascii	"short int\000"
 447      7420696E 
 447      7400
 448              	.LASF14:
 449 0187 42757474 		.ascii	"Button_Read\000"
 449      6F6E5F52 
 449      65616400 
 450              	.LASF13:
 451 0193 73697A65 		.ascii	"sizetype\000"
 451      74797065 
 451      00
 452              		.ident	"GCC: (GNU Tools for ARM Embedded Processors) 5.4.1 20160609 (release) [ARM/embedded-5-bran
